Determining if the include file winsock2.h exists failed with the following output:
Change Dir: /home/zchenpds/git/XDF/pdf/podofo-build/CMakeFiles/CMakeTmp

Run Build Command:/usr/bin/make "cmTryCompileExec460173166/fast"
/usr/bin/make -f CMakeFiles/cmTryCompileExec460173166.dir/build.make CMakeFiles/cmTryCompileExec460173166.dir/build
make[1]: Entering directory `/home/zchenpds/git/XDF/pdf/podofo-build/CMakeFiles/CMakeTmp'
/usr/bin/cmake -E cmake_progress_report /home/zchenpds/git/XDF/pdf/podofo-build/CMakeFiles/CMakeTmp/CMakeFiles 1
Building C object CMakeFiles/cmTryCompileExec460173166.dir/CheckIncludeFile.c.o
/usr/bin/cc    -o CMakeFiles/cmTryCompileExec460173166.dir/CheckIncludeFile.c.o   -c /home/zchenpds/git/XDF/pdf/podofo-build/CMakeFiles/CMakeTmp/CheckIncludeFile.c
/home/zchenpds/git/XDF/pdf/podofo-build/CMakeFiles/CMakeTmp/CheckIncludeFile.c:1:22: fatal error: winsock2.h: No such file or directory
 #include <winsock2.h>
                      ^
compilation terminated.
make[1]: *** [CMakeFiles/cmTryCompileExec460173166.dir/CheckIncludeFile.c.o] Error 1
make[1]: Leaving directory `/home/zchenpds/git/XDF/pdf/podofo-build/CMakeFiles/CMakeTmp'
make: *** [cmTryCompileExec460173166/fast] Error 2


Determining if the include file mem.h exists failed with the following output:
Change Dir: /home/zchenpds/git/XDF/pdf/podofo-build/CMakeFiles/CMakeTmp

Run Build Command:/usr/bin/make "cmTryCompileExec420764996/fast"
/usr/bin/make -f CMakeFiles/cmTryCompileExec420764996.dir/build.make CMakeFiles/cmTryCompileExec420764996.dir/build
make[1]: Entering directory `/home/zchenpds/git/XDF/pdf/podofo-build/CMakeFiles/CMakeTmp'
/usr/bin/cmake -E cmake_progress_report /home/zchenpds/git/XDF/pdf/podofo-build/CMakeFiles/CMakeTmp/CMakeFiles 1
Building C object CMakeFiles/cmTryCompileExec420764996.dir/CheckIncludeFile.c.o
/usr/bin/cc    -o CMakeFiles/cmTryCompileExec420764996.dir/CheckIncludeFile.c.o   -c /home/zchenpds/git/XDF/pdf/podofo-build/CMakeFiles/CMakeTmp/CheckIncludeFile.c
/home/zchenpds/git/XDF/pdf/podofo-build/CMakeFiles/CMakeTmp/CheckIncludeFile.c:1:17: fatal error: mem.h: No such file or directory
 #include <mem.h>
                 ^
compilation terminated.
make[1]: *** [CMakeFiles/cmTryCompileExec420764996.dir/CheckIncludeFile.c.o] Error 1
make[1]: Leaving directory `/home/zchenpds/git/XDF/pdf/podofo-build/CMakeFiles/CMakeTmp'
make: *** [cmTryCompileExec420764996/fast] Error 2


Determining if the include file BaseTsd.h exists failed with the following output:
Change Dir: /home/zchenpds/git/XDF/pdf/podofo-build/CMakeFiles/CMakeTmp

Run Build Command:/usr/bin/make "cmTryCompileExec945613204/fast"
/usr/bin/make -f CMakeFiles/cmTryCompileExec945613204.dir/build.make CMakeFiles/cmTryCompileExec945613204.dir/build
make[1]: Entering directory `/home/zchenpds/git/XDF/pdf/podofo-build/CMakeFiles/CMakeTmp'
/usr/bin/cmake -E cmake_progress_report /home/zchenpds/git/XDF/pdf/podofo-build/CMakeFiles/CMakeTmp/CMakeFiles 1
Building C object CMakeFiles/cmTryCompileExec945613204.dir/CheckIncludeFile.c.o
/usr/bin/cc    -o CMakeFiles/cmTryCompileExec945613204.dir/CheckIncludeFile.c.o   -c /home/zchenpds/git/XDF/pdf/podofo-build/CMakeFiles/CMakeTmp/CheckIncludeFile.c
/home/zchenpds/git/XDF/pdf/podofo-build/CMakeFiles/CMakeTmp/CheckIncludeFile.c:1:21: fatal error: BaseTsd.h: No such file or directory
 #include <BaseTsd.h>
                     ^
compilation terminated.
make[1]: *** [CMakeFiles/cmTryCompileExec945613204.dir/CheckIncludeFile.c.o] Error 1
make[1]: Leaving directory `/home/zchenpds/git/XDF/pdf/podofo-build/CMakeFiles/CMakeTmp'
make: *** [cmTryCompileExec945613204/fast] Error 2


Determining if the system is big endian passed with the following output:
Change Dir: /home/zchenpds/git/XDF/pdf/podofo-build/CMakeFiles/CMakeTmp

Run Build Command:/usr/bin/make "cmTryCompileExec2361831114/fast"
/usr/bin/make -f CMakeFiles/cmTryCompileExec2361831114.dir/build.make CMakeFiles/cmTryCompileExec2361831114.dir/build
make[1]: Entering directory `/home/zchenpds/git/XDF/pdf/podofo-build/CMakeFiles/CMakeTmp'
/usr/bin/cmake -E cmake_progress_report /home/zchenpds/git/XDF/pdf/podofo-build/CMakeFiles/CMakeTmp/CMakeFiles 1
Building C object CMakeFiles/cmTryCompileExec2361831114.dir/TestEndianess.c.o
/usr/bin/cc    -o CMakeFiles/cmTryCompileExec2361831114.dir/TestEndianess.c.o   -c /home/zchenpds/git/XDF/pdf/podofo-build/CMakeFiles/CMakeTmp/TestEndianess.c
Linking C executable cmTryCompileExec2361831114
/usr/bin/cmake -E cmake_link_script CMakeFiles/cmTryCompileExec2361831114.dir/link.txt --verbose=1
/usr/bin/cc       CMakeFiles/cmTryCompileExec2361831114.dir/TestEndianess.c.o  -o cmTryCompileExec2361831114 -rdynamic 
make[1]: Leaving directory `/home/zchenpds/git/XDF/pdf/podofo-build/CMakeFiles/CMakeTmp'

TestEndianess.c:
/* A 16 bit integer is required. */
typedef unsigned short cmakeint16;

/* On a little endian machine, these 16bit ints will give "THIS IS LITTLE ENDIAN."
   On a big endian machine the characters will be exchanged pairwise. */
const cmakeint16 info_little[] =  {0x4854, 0x5349, 0x4920, 0x2053, 0x494c, 0x5454, 0x454c, 0x4520, 0x444e, 0x4149, 0x2e4e, 0x0000};

/* on a big endian machine, these 16bit ints will give "THIS IS BIG ENDIAN."
   On a little endian machine the characters will be exchanged pairwise. */
const cmakeint16 info_big[] =     {0x5448, 0x4953, 0x2049, 0x5320, 0x4249, 0x4720, 0x454e, 0x4449, 0x414e, 0x2e2e, 0x0000};

#ifdef __CLASSIC_C__
int main(argc, argv) int argc; char *argv[];
#else
int main(int argc, char *argv[])
#endif
{
  int require = 0;
  require += info_little[argc];
  require += info_big[argc];
  (void)argv;
  return require;
}


Determining if the pthread_create exist failed with the following output:
Change Dir: /home/zchenpds/git/XDF/pdf/podofo-build/CMakeFiles/CMakeTmp

Run Build Command:/usr/bin/make "cmTryCompileExec536061291/fast"
/usr/bin/make -f CMakeFiles/cmTryCompileExec536061291.dir/build.make CMakeFiles/cmTryCompileExec536061291.dir/build
make[1]: Entering directory `/home/zchenpds/git/XDF/pdf/podofo-build/CMakeFiles/CMakeTmp'
/usr/bin/cmake -E cmake_progress_report /home/zchenpds/git/XDF/pdf/podofo-build/CMakeFiles/CMakeTmp/CMakeFiles 1
Building C object CMakeFiles/cmTryCompileExec536061291.dir/CheckSymbolExists.c.o
/usr/bin/cc    -o CMakeFiles/cmTryCompileExec536061291.dir/CheckSymbolExists.c.o   -c /home/zchenpds/git/XDF/pdf/podofo-build/CMakeFiles/CMakeTmp/CheckSymbolExists.c
Linking C executable cmTryCompileExec536061291
/usr/bin/cmake -E cmake_link_script CMakeFiles/cmTryCompileExec536061291.dir/link.txt --verbose=1
/usr/bin/cc       CMakeFiles/cmTryCompileExec536061291.dir/CheckSymbolExists.c.o  -o cmTryCompileExec536061291 -rdynamic 
CMakeFiles/cmTryCompileExec536061291.dir/CheckSymbolExists.c.o: In function `main':
CheckSymbolExists.c:(.text+0x16): undefined reference to `pthread_create'
collect2: error: ld returned 1 exit status
make[1]: *** [cmTryCompileExec536061291] Error 1
make[1]: Leaving directory `/home/zchenpds/git/XDF/pdf/podofo-build/CMakeFiles/CMakeTmp'
make: *** [cmTryCompileExec536061291/fast] Error 2

File /home/zchenpds/git/XDF/pdf/podofo-build/CMakeFiles/CMakeTmp/CheckSymbolExists.c:
/* */
#include <pthread.h>

int main(int argc, char** argv)
{
  (void)argv;
#ifndef pthread_create
  return ((int*)(&pthread_create))[argc];
#else
  (void)argc;
  return 0;
#endif
}

Determining if the function pthread_create exists in the pthreads failed with the following output:
Change Dir: /home/zchenpds/git/XDF/pdf/podofo-build/CMakeFiles/CMakeTmp

Run Build Command:/usr/bin/make "cmTryCompileExec4223429475/fast"
/usr/bin/make -f CMakeFiles/cmTryCompileExec4223429475.dir/build.make CMakeFiles/cmTryCompileExec4223429475.dir/build
make[1]: Entering directory `/home/zchenpds/git/XDF/pdf/podofo-build/CMakeFiles/CMakeTmp'
/usr/bin/cmake -E cmake_progress_report /home/zchenpds/git/XDF/pdf/podofo-build/CMakeFiles/CMakeTmp/CMakeFiles 1
Building C object CMakeFiles/cmTryCompileExec4223429475.dir/CheckFunctionExists.c.o
/usr/bin/cc   -DCHECK_FUNCTION_EXISTS=pthread_create   -o CMakeFiles/cmTryCompileExec4223429475.dir/CheckFunctionExists.c.o   -c /usr/share/cmake-2.8/Modules/CheckFunctionExists.c
Linking C executable cmTryCompileExec4223429475
/usr/bin/cmake -E cmake_link_script CMakeFiles/cmTryCompileExec4223429475.dir/link.txt --verbose=1
/usr/bin/cc   -DCHECK_FUNCTION_EXISTS=pthread_create    CMakeFiles/cmTryCompileExec4223429475.dir/CheckFunctionExists.c.o  -o cmTryCompileExec4223429475 -rdynamic -lpthreads 
/usr/bin/ld: cannot find -lpthreads
collect2: error: ld returned 1 exit status
make[1]: *** [cmTryCompileExec4223429475] Error 1
make[1]: Leaving directory `/home/zchenpds/git/XDF/pdf/podofo-build/CMakeFiles/CMakeTmp'
make: *** [cmTryCompileExec4223429475/fast] Error 2


